19-Mar-2013 07:18:25 main uk.co.mdjcox.utils.OsUtils spawnProcess INFO: Spawn get_iplayer http://www.bbc.co.uk/iplayer/episode/b01rgpj6/The_A_to_Z_of_TV_Gardening_Letter_K/ -o /home/michael/Documents/CatchUp/recordings/
19-Mar-2013 07:18:25 main uk.co.mdjcox.utils.OsUtils spawnProcess INFO: Command=get_iplayer http://www.bbc.co.uk/iplayer/episode/b01rgpj6/The_A_to_Z_of_TV_Gardening_Letter_K/ -o /home/michael/Documents/CatchUp/recordings/
19-Mar-2013 07:18:25 main uk.co.mdjcox.utils.OsUtils spawnProcess INFO: Env=
19-Mar-2013 07:18:25 main uk.co.mdjcox.utils.OsUtils captureStreams INFO: Setting up streams for record
19-Mar-2013 07:18:25 main uk.co.mdjcox.plugin.Recorder start INFO: Waiting for file name...
19-Mar-2013 07:18:26 Thread-2 uk.co.mdjcox.utils.OsUtils$StreamConsumer run INFO: record.out: get_iplayer v2.82, Copyright (C) 2008-2010 Phil Lewis
19-Mar-2013 07:18:26 Thread-2 uk.co.mdjcox.utils.OsUtils$StreamConsumer run INFO: record.out:   This program comes with ABSOLUTELY NO WARRANTY; for details use --warranty.
19-Mar-2013 07:18:26 Thread-2 uk.co.mdjcox.utils.OsUtils$StreamConsumer run INFO: record.out:   This is free software, and you are welcome to redistribute it under certain
19-Mar-2013 07:18:26 Thread-2 uk.co.mdjcox.utils.OsUtils$StreamConsumer run INFO: record.out:   conditions; use --conditions for details.
19-Mar-2013 07:18:26 Thread-2 uk.co.mdjcox.utils.OsUtils$StreamConsumer run INFO: record.out: 
19-Mar-2013 07:18:26 main uk.co.mdjcox.plugin.Recorder start INFO: Waiting for file name...
19-Mar-2013 07:18:27 main uk.co.mdjcox.plugin.Recorder start INFO: Waiting for file name...
19-Mar-2013 07:18:28 Thread-2 uk.co.mdjcox.utils.OsUtils$StreamConsumer run INFO: record.out: INFO: Episode-only pid detected
19-Mar-2013 07:18:28 Thread-2 uk.co.mdjcox.utils.OsUtils$StreamConsumer run INFO: record.out: INFO: Trying pid: b01rgpj6 using type: tv
19-Mar-2013 07:18:28 Thread-2 uk.co.mdjcox.utils.OsUtils$StreamConsumer run INFO: record.out: INFO Trying to stream pid using type tv
19-Mar-2013 07:18:28 Thread-2 uk.co.mdjcox.utils.OsUtils$StreamConsumer run INFO: record.out: INFO: pid not found in tv cache
19-Mar-2013 07:18:28 main uk.co.mdjcox.plugin.Recorder start INFO: Waiting for file name...
19-Mar-2013 07:18:29 main uk.co.mdjcox.plugin.Recorder start INFO: Waiting for file name...
19-Mar-2013 07:18:30 main uk.co.mdjcox.plugin.Recorder start INFO: Waiting for file name...
19-Mar-2013 07:18:31 main uk.co.mdjcox.plugin.Recorder start INFO: Waiting for file name...
19-Mar-2013 07:18:32 Thread-2 uk.co.mdjcox.utils.OsUtils$StreamConsumer run INFO: record.out: INFO: Checking existence of default version
19-Mar-2013 07:18:32 Thread-2 uk.co.mdjcox.utils.OsUtils$StreamConsumer run INFO: record.out: INFO: flashhigh1,flashhigh2,flashstd1,flashstd2 modes will be tried for version default
19-Mar-2013 07:18:32 Thread-2 uk.co.mdjcox.utils.OsUtils$StreamConsumer run INFO: record.out: INFO: Trying flashhigh1 mode to record tv: The A to Z of TV Gardening - 11. Letter K
19-Mar-2013 07:18:32 Thread-2 uk.co.mdjcox.utils.OsUtils$StreamConsumer run INFO: record.out: 
19-Mar-2013 07:18:32 Thread-2 uk.co.mdjcox.utils.OsUtils$StreamConsumer run INFO: record.out: INFO: File name prefix = The_A_to_Z_of_TV_Gardening_-_11._Letter_K_b01rgpj6_default                 
19-Mar-2013 07:18:32 Thread-1 uk.co.mdjcox.utils.OsUtils$StreamConsumer run INFO: record.err: RTMPDump v2.4
19-Mar-2013 07:18:32 Thread-1 uk.co.mdjcox.utils.OsUtils$StreamConsumer run INFO: record.err: (c) 2010 Andrej Stepanchuk, Howard Chu, The Flvstreamer Team; license: GPL
19-Mar-2013 07:18:32 Thread-1 uk.co.mdjcox.utils.OsUtils$StreamConsumer run INFO: record.err: Connecting ...
19-Mar-2013 07:18:32 main uk.co.mdjcox.plugin.Recorder start INFO: Recording to The_A_to_Z_of_TV_Gardening_-_11._Letter_K_b01rgpj6_default.partial.mp4.flv
19-Mar-2013 07:18:33 Thread-1 uk.co.mdjcox.utils.OsUtils$StreamConsumer run INFO: record.err: INFO: Connected...
19-Mar-2013 07:18:43 Thread-1 uk.co.mdjcox.utils.OsUtils$StreamConsumer run INFO: record.err: ERROR: RTMP_ReadPacket, failed to read RTMP packet header
19-Mar-2013 07:18:43 Thread-2 uk.co.mdjcox.utils.OsUtils$StreamConsumer run INFO: record.out: INFO: Command exit code 1 (raw code = 256)
19-Mar-2013 07:18:43 Thread-2 uk.co.mdjcox.utils.OsUtils$StreamConsumer run INFO: record.out: WARNING: Failed to stream file /home/michael/Documents/CatchUp/recordings/The_A_to_Z_of_TV_Gardening_-_11._Letter_K_b01rgpj6_default.partial.mp4.flv via RTMP
19-Mar-2013 07:18:43 Thread-2 uk.co.mdjcox.utils.OsUtils$StreamConsumer run INFO: record.out: INFO: skipping flashhigh1 mode
19-Mar-2013 07:18:43 Thread-2 uk.co.mdjcox.utils.OsUtils$StreamConsumer run INFO: record.out: INFO: Trying flashhigh2 mode to record tv: The A to Z of TV Gardening - 11. Letter K
19-Mar-2013 07:18:43 Thread-2 uk.co.mdjcox.utils.OsUtils$StreamConsumer run INFO: record.out: 
19-Mar-2013 07:18:43 Thread-2 uk.co.mdjcox.utils.OsUtils$StreamConsumer run INFO: record.out: INFO: File name prefix = The_A_to_Z_of_TV_Gardening_-_11._Letter_K_b01rgpj6_default                 
19-Mar-2013 07:18:43 Thread-1 uk.co.mdjcox.utils.OsUtils$StreamConsumer run INFO: record.err: RTMPDump v2.4
19-Mar-2013 07:18:43 Thread-1 uk.co.mdjcox.utils.OsUtils$StreamConsumer run INFO: record.err: (c) 2010 Andrej Stepanchuk, Howard Chu, The Flvstreamer Team; license: GPL
19-Mar-2013 07:18:43 Thread-1 uk.co.mdjcox.utils.OsUtils$StreamConsumer run INFO: record.err: Connecting ...
19-Mar-2013 07:18:43 Thread-1 uk.co.mdjcox.utils.OsUtils$StreamConsumer run INFO: record.err: INFO: Connected...
19-Mar-2013 07:18:44 Thread-1 uk.co.mdjcox.utils.OsUtils$StreamConsumer run INFO: record.err: Starting download at: 0.000 kB
19-Mar-2013 07:18:44 Thread-1 uk.co.mdjcox.utils.OsUtils$StreamConsumer run INFO: record.err: INFO: Metadata:
19-Mar-2013 07:18:44 Thread-1 uk.co.mdjcox.utils.OsUtils$StreamConsumer run INFO: record.err: INFO:   duration              2660.10
19-Mar-2013 07:18:44 Thread-1 uk.co.mdjcox.utils.OsUtils$StreamConsumer run INFO: record.err: INFO:   moovPosition          28.00
19-Mar-2013 07:18:44 Thread-1 uk.co.mdjcox.utils.OsUtils$StreamConsumer run INFO: record.err: INFO:   width                 640.00
19-Mar-2013 07:18:44 Thread-1 uk.co.mdjcox.utils.OsUtils$StreamConsumer run INFO: record.err: INFO:   height                360.00
19-Mar-2013 07:18:44 Thread-1 uk.co.mdjcox.utils.OsUtils$StreamConsumer run INFO: record.err: INFO:   videocodecid          avc1
19-Mar-2013 07:18:44 Thread-1 uk.co.mdjcox.utils.OsUtils$StreamConsumer run INFO: record.err: INFO:   audiocodecid          mp4a
19-Mar-2013 07:18:44 Thread-1 uk.co.mdjcox.utils.OsUtils$StreamConsumer run INFO: record.err: INFO:   avcprofile            77.00
19-Mar-2013 07:18:44 Thread-1 uk.co.mdjcox.utils.OsUtils$StreamConsumer run INFO: record.err: INFO:   avclevel              30.00
19-Mar-2013 07:18:44 Thread-1 uk.co.mdjcox.utils.OsUtils$StreamConsumer run INFO: record.err: INFO:   aacaot                2.00
19-Mar-2013 07:18:44 Thread-1 uk.co.mdjcox.utils.OsUtils$StreamConsumer run INFO: record.err: INFO:   videoframerate        25.00
19-Mar-2013 07:18:44 Thread-1 uk.co.mdjcox.utils.OsUtils$StreamConsumer run INFO: record.err: INFO:   audiosamplerate       24000.00
19-Mar-2013 07:18:44 Thread-1 uk.co.mdjcox.utils.OsUtils$StreamConsumer run INFO: record.err: INFO:   audiochannels         2.00
19-Mar-2013 07:18:44 Thread-1 uk.co.mdjcox.utils.OsUtils$StreamConsumer run INFO: record.err: INFO: trackinfo:
19-Mar-2013 07:18:44 Thread-1 uk.co.mdjcox.utils.OsUtils$StreamConsumer run INFO: record.err: INFO:   length                66500000.00
19-Mar-2013 07:18:44 Thread-1 uk.co.mdjcox.utils.OsUtils$StreamConsumer run INFO: record.err: INFO:   timescale             25000.00
19-Mar-2013 07:18:44 Thread-1 uk.co.mdjcox.utils.OsUtils$StreamConsumer run INFO: record.err: INFO:   language              eng
19-Mar-2013 07:18:44 Thread-1 uk.co.mdjcox.utils.OsUtils$StreamConsumer run INFO: record.err: INFO: sampledescription:
19-Mar-2013 07:18:44 Thread-1 uk.co.mdjcox.utils.OsUtils$StreamConsumer run INFO: record.err: INFO:   sampletype            avc1
19-Mar-2013 07:18:44 Thread-1 uk.co.mdjcox.utils.OsUtils$StreamConsumer run INFO: record.err: INFO:   length                63842304.00
19-Mar-2013 07:18:44 Thread-1 uk.co.mdjcox.utils.OsUtils$StreamConsumer run INFO: record.err: INFO:   timescale             24000.00
19-Mar-2013 07:18:44 Thread-1 uk.co.mdjcox.utils.OsUtils$StreamConsumer run INFO: record.err: INFO:   language              eng
19-Mar-2013 07:18:44 Thread-1 uk.co.mdjcox.utils.OsUtils$StreamConsumer run INFO: record.err: INFO: sampledescription:
19-Mar-2013 07:18:44 Thread-1 uk.co.mdjcox.utils.OsUtils$StreamConsumer run INFO: record.err: INFO:   sampletype            mp4a
19-Mar-2013 07:18:44 Thread-1 uk.co.mdjcox.utils.OsUtils$StreamConsumer run INFO: record.err: 
19-Mar-2013 07:18:45 Thread-1 uk.co.mdjcox.utils.OsUtils$StreamConsumer run INFO: record.err: 0.597 kB / 0.00 sec (0.0%)
19-Mar-2013 07:18:45 Thread-1 uk.co.mdjcox.utils.OsUtils$StreamConsumer run INFO: record.err: 133.277 kB / 1.00 sec (0.0%)
19-Mar-2013 07:18:45 Thread-1 uk.co.mdjcox.utils.OsUtils$StreamConsumer run INFO: record.err: 197.277 kB / 1.80 sec (0.0%)
19-Mar-2013 07:18:45 Thread-1 uk.co.mdjcox.utils.OsUtils$StreamConsumer run INFO: record.err: 261.277 kB / 2.44 sec (0.0%)
19-Mar-2013 07:18:46 Thread-1 uk.co.mdjcox.utils.OsUtils$StreamConsumer run INFO: record.err: 325.277 kB / 3.12 sec (0.1%)
19-Mar-2013 07:18:46 Thread-1 uk.co.mdjcox.utils.OsUtils$StreamConsumer run INFO: record.err: 389.277 kB / 3.80 sec (0.1%)
19-Mar-2013 07:18:46 Thread-1 uk.co.mdjcox.utils.OsUtils$StreamConsumer run INFO: record.err: 453.277 kB / 4.48 sec (0.1%)
19-Mar-2013 07:18:47 Thread-1 uk.co.mdjcox.utils.OsUtils$StreamConsumer run INFO: record.err: 517.277 kB / 5.12 sec (0.1%)
19-Mar-2013 07:18:47 Thread-1 uk.co.mdjcox.utils.OsUtils$StreamConsumer run INFO: record.err: 581.277 kB / 5.96 sec (0.2%)
19-Mar-2013 07:18:48 Thread-1 uk.co.mdjcox.utils.OsUtils$StreamConsumer run INFO: record.err: 645.277 kB / 6.64 sec (0.2%)
19-Mar-2013 07:18:48 Thread-1 uk.co.mdjcox.utils.OsUtils$StreamConsumer run INFO: record.err: 709.277 kB / 7.36 sec (0.2%)
19-Mar-2013 07:18:49 Thread-1 uk.co.mdjcox.utils.OsUtils$StreamConsumer run INFO: record.err: 773.277 kB / 8.04 sec (0.3%)
19-Mar-2013 07:18:49 Thread-1 uk.co.mdjcox.utils.OsUtils$StreamConsumer run INFO: record.err: 837.277 kB / 8.72 sec (0.3%)
19-Mar-2013 07:18:50 Thread-1 uk.co.mdjcox.utils.OsUtils$StreamConsumer run INFO: record.err: 901.277 kB / 9.44 sec (0.3%)
19-Mar-2013 07:18:50 Thread-1 uk.co.mdjcox.utils.OsUtils$StreamConsumer run INFO: record.err: 965.277 kB / 10.08 sec (0.3%)
19-Mar-2013 07:18:50 Thread-1 uk.co.mdjcox.utils.OsUtils$StreamConsumer run INFO: record.err: 1029.277 kB / 10.44 sec (0.3%)
19-Mar-2013 07:18:51 Thread-1 uk.co.mdjcox.utils.OsUtils$StreamConsumer run INFO: record.err: 1093.277 kB / 11.24 sec (0.4%)
19-Mar-2013 07:18:51 Thread-1 uk.co.mdjcox.utils.OsUtils$StreamConsumer run INFO: record.err: 1221.277 kB / 12.68 sec (0.4%)
19-Mar-2013 07:18:52 Thread-1 uk.co.mdjcox.utils.OsUtils$StreamConsumer run INFO: record.err: 1408.963 kB / 14.12 sec (0.5%)
19-Mar-2013 07:18:52 Thread-1 uk.co.mdjcox.utils.OsUtils$StreamConsumer run INFO: record.err: 1536.963 kB / 15.56 sec (0.5%)
19-Mar-2013 07:18:52 Thread-1 uk.co.mdjcox.utils.OsUtils$StreamConsumer run INFO: record.err: 1664.963 kB / 17.24 sec (0.6%)
19-Mar-2013 07:18:53 Thread-1 uk.co.mdjcox.utils.OsUtils$StreamConsumer run INFO: record.err: 1728.963 kB / 17.96 sec (0.6%)
19-Mar-2013 07:18:53 Thread-1 uk.co.mdjcox.utils.OsUtils$StreamConsumer run INFO: record.err: 1792.963 kB / 18.60 sec (0.6%)
19-Mar-2013 07:18:53 Thread-1 uk.co.mdjcox.utils.OsUtils$StreamConsumer run INFO: record.err: 1856.963 kB / 19.32 sec (0.7%)
19-Mar-2013 07:18:53 Thread-1 uk.co.mdjcox.utils.OsUtils$StreamConsumer run INFO: record.err: 1920.963 kB / 19.80 sec (0.7%)
19-Mar-2013 07:18:54 Thread-1 uk.co.mdjcox.utils.OsUtils$StreamConsumer run INFO: record.err: 1984.963 kB / 20.60 sec (0.7%)
19-Mar-2013 07:18:54 Thread-1 uk.co.mdjcox.utils.OsUtils$StreamConsumer run INFO: record.err: 2048.963 kB / 21.20 sec (0.7%)
19-Mar-2013 07:18:54 Thread-1 uk.co.mdjcox.utils.OsUtils$StreamConsumer run INFO: record.err: 2176.963 kB / 22.00 sec (0.8%)
19-Mar-2013 07:18:55 Thread-1 uk.co.mdjcox.utils.OsUtils$StreamConsumer run INFO: record.err: 2304.963 kB / 23.08 sec (0.8%)
19-Mar-2013 07:18:55 Thread-1 uk.co.mdjcox.utils.OsUtils$StreamConsumer run INFO: record.err: 2432.963 kB / 24.68 sec (0.9%)
19-Mar-2013 07:18:55 Thread-1 uk.co.mdjcox.utils.OsUtils$StreamConsumer run INFO: record.err: 2560.963 kB / 25.92 sec (0.9%)
19-Mar-2013 07:18:56 Thread-1 uk.co.mdjcox.utils.OsUtils$StreamConsumer run INFO: record.err: 2688.963 kB / 27.04 sec (1.0%)
19-Mar-2013 07:18:56 Thread-1 uk.co.mdjcox.utils.OsUtils$StreamConsumer run INFO: record.err: 2816.963 kB / 28.40 sec (1.0%)
19-Mar-2013 07:19:00 Thread-1 uk.co.mdjcox.utils.OsUtils$StreamConsumer run INFO: record.err: 2880.963 kB / 29.06 sec (1.0%)
19-Mar-2013 07:19:00 Thread-1 uk.co.mdjcox.utils.OsUtils$StreamConsumer run INFO: record.err: 2944.963 kB / 29.92 sec (1.1%)
19-Mar-2013 07:19:01 Thread-1 uk.co.mdjcox.utils.OsUtils$StreamConsumer run INFO: record.err: 3072.963 kB / 31.96 sec (1.2%)
19-Mar-2013 07:19:01 Thread-1 uk.co.mdjcox.utils.OsUtils$StreamConsumer run INFO: record.err: 4061.994 kB / 41.24 sec (1.5%)
19-Mar-2013 07:19:05 Thread-1 uk.co.mdjcox.utils.OsUtils$StreamConsumer run INFO: record.err: 4189.994 kB / 42.59 sec (1.6%)
19-Mar-2013 07:19:05 Thread-1 uk.co.mdjcox.utils.OsUtils$StreamConsumer run INFO: record.err: 4317.994 kB / 43.76 sec (1.6%)
19-Mar-2013 07:19:05 Thread-1 uk.co.mdjcox.utils.OsUtils$StreamConsumer run INFO: record.err: 4445.994 kB / 45.15 sec (1.6%)
19-Mar-2013 07:19:05 main uk.co.mdjcox.utils.OsUtils spawnProcess INFO: Spawn ps -eo pid,command
19-Mar-2013 07:19:05 main uk.co.mdjcox.utils.OsUtils spawnProcess INFO: Command=ps -eo pid,command
19-Mar-2013 07:19:05 main uk.co.mdjcox.utils.OsUtils spawnProcess INFO: Env=
19-Mar-2013 07:19:05 main uk.co.mdjcox.utils.OsUtils captureStreams INFO: Setting up streams for ps
19-Mar-2013 07:19:05 Thread-5 uk.co.mdjcox.utils.OsUtils$StreamConsumer run INFO: ps.out:   PID COMMAND
19-Mar-2013 07:19:05 Thread-5 uk.co.mdjcox.utils.OsUtils$StreamConsumer run INFO: ps.out:     1 /sbin/init
19-Mar-2013 07:19:05 Thread-5 uk.co.mdjcox.utils.OsUtils$StreamConsumer run INFO: ps.out:     2 [kthreadd]
19-Mar-2013 07:19:05 Thread-5 uk.co.mdjcox.utils.OsUtils$StreamConsumer run INFO: ps.out:     3 [ksoftirqd/0]
19-Mar-2013 07:19:05 Thread-4 uk.co.mdjcox.utils.OsUtils$StreamConsumer run INFO: Stream consumer ps.err terminating 
19-Mar-2013 07:19:05 Thread-5 uk.co.mdjcox.utils.OsUtils$StreamConsumer run INFO: ps.out:     6 [migration/0]
19-Mar-2013 07:19:05 Thread-5 uk.co.mdjcox.utils.OsUtils$StreamConsumer run INFO: ps.out:     7 [watchdog/0]
19-Mar-2013 07:19:05 Thread-5 uk.co.mdjcox.utils.OsUtils$StreamConsumer run INFO: ps.out:    12 [cpuset]
19-Mar-2013 07:19:05 Thread-5 uk.co.mdjcox.utils.OsUtils$StreamConsumer run INFO: ps.out:    13 [khelper]
19-Mar-2013 07:19:05 Thread-5 uk.co.mdjcox.utils.OsUtils$StreamConsumer run INFO: ps.out:    14 [kdevtmpfs]
19-Mar-2013 07:19:05 Thread-5 uk.co.mdjcox.utils.OsUtils$StreamConsumer run INFO: ps.out:    15 [netns]
19-Mar-2013 07:19:05 Thread-5 uk.co.mdjcox.utils.OsUtils$StreamConsumer run INFO: ps.out:    17 [sync_supers]
19-Mar-2013 07:19:05 Thread-5 uk.co.mdjcox.utils.OsUtils$StreamConsumer run INFO: ps.out:    18 [bdi-default]
19-Mar-2013 07:19:05 Thread-5 uk.co.mdjcox.utils.OsUtils$StreamConsumer run INFO: ps.out:    19 [kintegrityd]
19-Mar-2013 07:19:05 Thread-5 uk.co.mdjcox.utils.OsUtils$StreamConsumer run INFO: ps.out:    20 [kblockd]
19-Mar-2013 07:19:05 Thread-5 uk.co.mdjcox.utils.OsUtils$StreamConsumer run INFO: ps.out:    21 [ata_sff]
19-Mar-2013 07:19:05 Thread-5 uk.co.mdjcox.utils.OsUtils$StreamConsumer run INFO: ps.out:    22 [khubd]
19-Mar-2013 07:19:05 Thread-5 uk.co.mdjcox.utils.OsUtils$StreamConsumer run INFO: ps.out:    23 [md]
19-Mar-2013 07:19:05 Thread-5 uk.co.mdjcox.utils.OsUtils$StreamConsumer run INFO: ps.out:    26 [khungtaskd]
19-Mar-2013 07:19:05 Thread-5 uk.co.mdjcox.utils.OsUtils$StreamConsumer run INFO: ps.out:    27 [kswapd0]
19-Mar-2013 07:19:05 Thread-5 uk.co.mdjcox.utils.OsUtils$StreamConsumer run INFO: ps.out:    28 [ksmd]
19-Mar-2013 07:19:05 Thread-5 uk.co.mdjcox.utils.OsUtils$StreamConsumer run INFO: ps.out:    29 [khugepaged]
19-Mar-2013 07:19:05 Thread-5 uk.co.mdjcox.utils.OsUtils$StreamConsumer run INFO: ps.out:    30 [fsnotify_mark]
19-Mar-2013 07:19:05 Thread-5 uk.co.mdjcox.utils.OsUtils$StreamConsumer run INFO: ps.out:    31 [ecryptfs-kthrea]
19-Mar-2013 07:19:05 Thread-5 uk.co.mdjcox.utils.OsUtils$StreamConsumer run INFO: ps.out:    32 [crypto]
19-Mar-2013 07:19:05 Thread-5 uk.co.mdjcox.utils.OsUtils$StreamConsumer run INFO: ps.out:    41 [kthrotld]
19-Mar-2013 07:19:05 Thread-5 uk.co.mdjcox.utils.OsUtils$StreamConsumer run INFO: ps.out:    45 [scsi_eh_0]
19-Mar-2013 07:19:05 Thread-5 uk.co.mdjcox.utils.OsUtils$StreamConsumer run INFO: ps.out:    46 [scsi_eh_1]
19-Mar-2013 07:19:05 Thread-5 uk.co.mdjcox.utils.OsUtils$StreamConsumer run INFO: ps.out:    49 [binder]
19-Mar-2013 07:19:05 Thread-5 uk.co.mdjcox.utils.OsUtils$StreamConsumer run INFO: ps.out:    69 [deferwq]
19-Mar-2013 07:19:05 Thread-5 uk.co.mdjcox.utils.OsUtils$StreamConsumer run INFO: ps.out:    70 [charger_manager]
19-Mar-2013 07:19:05 Thread-5 uk.co.mdjcox.utils.OsUtils$StreamConsumer run INFO: ps.out:    71 [devfreq_wq]
19-Mar-2013 07:19:05 Thread-5 uk.co.mdjcox.utils.OsUtils$StreamConsumer run INFO: ps.out:   240 [firewire]
19-Mar-2013 07:19:05 Thread-5 uk.co.mdjcox.utils.OsUtils$StreamConsumer run INFO: ps.out:   319 [jbd2/sda1-8]
19-Mar-2013 07:19:05 Thread-5 uk.co.mdjcox.utils.OsUtils$StreamConsumer run INFO: ps.out:   320 [ext4-dio-unwrit]
19-Mar-2013 07:19:05 Thread-5 uk.co.mdjcox.utils.OsUtils$StreamConsumer run INFO: ps.out:   340 [flush-8:0]
19-Mar-2013 07:19:05 Thread-5 uk.co.mdjcox.utils.OsUtils$StreamConsumer run INFO: ps.out:   408 upstart-udev-bridge --daemon
19-Mar-2013 07:19:05 Thread-5 uk.co.mdjcox.utils.OsUtils$StreamConsumer run INFO: ps.out:   410 /sbin/udevd --daemon
19-Mar-2013 07:19:05 Thread-5 uk.co.mdjcox.utils.OsUtils$StreamConsumer run INFO: ps.out:   485 [cfg80211]
19-Mar-2013 07:19:05 Thread-5 uk.co.mdjcox.utils.OsUtils$StreamConsumer run INFO: ps.out:   577 [iwl3945]
19-Mar-2013 07:19:05 Thread-5 uk.co.mdjcox.utils.OsUtils$StreamConsumer run INFO: ps.out:   623 [tifm]
19-Mar-2013 07:19:05 Thread-5 uk.co.mdjcox.utils.OsUtils$StreamConsumer run INFO: ps.out:   642 [kpsmoused]
19-Mar-2013 07:19:05 Thread-5 uk.co.mdjcox.utils.OsUtils$StreamConsumer run INFO: ps.out:   653 [kmpathd]
19-Mar-2013 07:19:05 Thread-5 uk.co.mdjcox.utils.OsUtils$StreamConsumer run INFO: ps.out:   656 [kmpath_handlerd]
19-Mar-2013 07:19:05 Thread-5 uk.co.mdjcox.utils.OsUtils$StreamConsumer run INFO: ps.out:   723 [hd-audio0]
19-Mar-2013 07:19:05 Thread-5 uk.co.mdjcox.utils.OsUtils$StreamConsumer run INFO: ps.out:   763 [kvm-irqfd-clean]
19-Mar-2013 07:19:05 Thread-5 uk.co.mdjcox.utils.OsUtils$StreamConsumer run INFO: ps.out:   789 upstart-socket-bridge --daemon
19-Mar-2013 07:19:05 Thread-5 uk.co.mdjcox.utils.OsUtils$StreamConsumer run INFO: ps.out:   790 [pccardd]
19-Mar-2013 07:19:05 Thread-5 uk.co.mdjcox.utils.OsUtils$StreamConsumer run INFO: ps.out:   911 [jbd2/sda3-8]
19-Mar-2013 07:19:05 Thread-5 uk.co.mdjcox.utils.OsUtils$StreamConsumer run INFO: ps.out:   912 [ext4-dio-unwrit]
19-Mar-2013 07:19:05 Thread-5 uk.co.mdjcox.utils.OsUtils$StreamConsumer run INFO: ps.out:   927 smbd -F
19-Mar-2013 07:19:05 Thread-5 uk.co.mdjcox.utils.OsUtils$StreamConsumer run INFO: ps.out:   983 rsyslogd -c5
19-Mar-2013 07:19:05 Thread-5 uk.co.mdjcox.utils.OsUtils$StreamConsumer run INFO: ps.out:   997 dbus-daemon --system --fork
19-Mar-2013 07:19:05 Thread-5 uk.co.mdjcox.utils.OsUtils$StreamConsumer run INFO: ps.out:  1017 /usr/sbin/modem-manager
19-Mar-2013 07:19:05 Thread-5 uk.co.mdjcox.utils.OsUtils$StreamConsumer run INFO: ps.out:  1019 smbd -F
19-Mar-2013 07:19:05 Thread-5 uk.co.mdjcox.utils.OsUtils$StreamConsumer run INFO: ps.out:  1021 /usr/sbin/bluetoothd
19-Mar-2013 07:19:05 Thread-5 uk.co.mdjcox.utils.OsUtils$StreamConsumer run INFO: ps.out:  1031 avahi-daemon: running [Michael-Laptop.local]
19-Mar-2013 07:19:05 Thread-5 uk.co.mdjcox.utils.OsUtils$StreamConsumer run INFO: ps.out:  1034 avahi-daemon: chroot helper
19-Mar-2013 07:19:05 Thread-5 uk.co.mdjcox.utils.OsUtils$StreamConsumer run INFO: ps.out:  1054 [krfcommd]
19-Mar-2013 07:19:05 Thread-5 uk.co.mdjcox.utils.OsUtils$StreamConsumer run INFO: ps.out:  1055 /usr/sbin/cupsd -F
19-Mar-2013 07:19:05 Thread-5 uk.co.mdjcox.utils.OsUtils$StreamConsumer run INFO: ps.out:  1059 NetworkManager
19-Mar-2013 07:19:05 Thread-5 uk.co.mdjcox.utils.OsUtils$StreamConsumer run INFO: ps.out:  1062 /usr/lib/policykit-1/polkitd --no-debug
19-Mar-2013 07:19:05 Thread-5 uk.co.mdjcox.utils.OsUtils$StreamConsumer run INFO: ps.out:  1072 /usr/lib/i386-linux-gnu/colord/colord
19-Mar-2013 07:19:05 Thread-5 uk.co.mdjcox.utils.OsUtils$StreamConsumer run INFO: ps.out:  1251 /sbin/getty -8 38400 tty4
19-Mar-2013 07:19:05 Thread-5 uk.co.mdjcox.utils.OsUtils$StreamConsumer run INFO: ps.out:  1259 /sbin/getty -8 38400 tty5
19-Mar-2013 07:19:05 Thread-5 uk.co.mdjcox.utils.OsUtils$StreamConsumer run INFO: ps.out:  1267 /sbin/getty -8 38400 tty2
19-Mar-2013 07:19:05 Thread-5 uk.co.mdjcox.utils.OsUtils$StreamConsumer run INFO: ps.out:  1268 /sbin/getty -8 38400 tty3
19-Mar-2013 07:19:05 Thread-5 uk.co.mdjcox.utils.OsUtils$StreamConsumer run INFO: ps.out:  1271 /sbin/getty -8 38400 tty6
19-Mar-2013 07:19:05 Thread-5 uk.co.mdjcox.utils.OsUtils$StreamConsumer run INFO: ps.out:  1282 acpid -c /etc/acpi/events -s /var/run/acpid.socket
19-Mar-2013 07:19:05 Thread-5 uk.co.mdjcox.utils.OsUtils$StreamConsumer run INFO: ps.out:  1287 whoopsie
19-Mar-2013 07:19:05 Thread-5 uk.co.mdjcox.utils.OsUtils$StreamConsumer run INFO: ps.out:  1290 /bin/bash ./startsagecore
19-Mar-2013 07:19:05 Thread-5 uk.co.mdjcox.utils.OsUtils$StreamConsumer run INFO: ps.out:  1298 cron
19-Mar-2013 07:19:05 Thread-5 uk.co.mdjcox.utils.OsUtils$StreamConsumer run INFO: ps.out:  1299 atd
19-Mar-2013 07:19:05 Thread-5 uk.co.mdjcox.utils.OsUtils$StreamConsumer run INFO: ps.out:  1323 [iprt]
19-Mar-2013 07:19:05 Thread-5 uk.co.mdjcox.utils.OsUtils$StreamConsumer run INFO: ps.out:  1368 /usr/sbin/mdm
19-Mar-2013 07:19:05 Thread-5 uk.co.mdjcox.utils.OsUtils$StreamConsumer run INFO: ps.out:  1369 /usr/sbin/mdm
19-Mar-2013 07:19:05 Thread-5 uk.co.mdjcox.utils.OsUtils$StreamConsumer run INFO: ps.out:  1407 /usr/bin/X :0 -audit 0 -auth /var/lib/mdm/:0.Xauth -nolisten tcp vt8
19-Mar-2013 07:19:05 Thread-5 uk.co.mdjcox.utils.OsUtils$StreamConsumer run INFO: ps.out:  1571 /usr/bin/timidity -Os -iAD
19-Mar-2013 07:19:05 Thread-5 uk.co.mdjcox.utils.OsUtils$StreamConsumer run INFO: ps.out:  1575 /sbin/getty -8 38400 tty1
19-Mar-2013 07:19:05 Thread-5 uk.co.mdjcox.utils.OsUtils$StreamConsumer run INFO: ps.out:  1641 /usr/bin/gnome-keyring-daemon --daemonize --login
19-Mar-2013 07:19:05 Thread-5 uk.co.mdjcox.utils.OsUtils$StreamConsumer run INFO: ps.out:  1645 /usr/sbin/console-kit-daemon --no-daemon
19-Mar-2013 07:19:05 Thread-5 uk.co.mdjcox.utils.OsUtils$StreamConsumer run INFO: ps.out:  1718 gnome-session --session cinnamon
19-Mar-2013 07:19:05 Thread-5 uk.co.mdjcox.utils.OsUtils$StreamConsumer run INFO: ps.out:  1795 /usr/bin/ssh-agent /usr/bin/dbus-launch --exit-with-session x-session-manager
19-Mar-2013 07:19:05 Thread-5 uk.co.mdjcox.utils.OsUtils$StreamConsumer run INFO: ps.out:  1798 /usr/bin/dbus-launch --exit-with-session x-session-manager
19-Mar-2013 07:19:05 Thread-5 uk.co.mdjcox.utils.OsUtils$StreamConsumer run INFO: ps.out:  1799 //bin/dbus-daemon --fork --print-pid 5 --print-address 9 --session
19-Mar-2013 07:19:05 Thread-5 uk.co.mdjcox.utils.OsUtils$StreamConsumer run INFO: ps.out:  1801 /usr/lib/at-spi2-core/at-spi-bus-launcher
19-Mar-2013 07:19:05 Thread-5 uk.co.mdjcox.utils.OsUtils$StreamConsumer run INFO: ps.out:  1805 /bin/dbus-daemon --config-file=/etc/at-spi2/accessibility.conf --nofork --print-address 3
19-Mar-2013 07:19:05 Thread-5 uk.co.mdjcox.utils.OsUtils$StreamConsumer run INFO: ps.out:  1808 /usr/lib/at-spi2-core/at-spi2-registryd --use-gnome-session
19-Mar-2013 07:19:05 Thread-5 uk.co.mdjcox.utils.OsUtils$StreamConsumer run INFO: ps.out:  1824 /usr/lib/gnome-settings-daemon/gnome-settings-daemon
19-Mar-2013 07:19:05 Thread-5 uk.co.mdjcox.utils.OsUtils$StreamConsumer run INFO: ps.out:  1829 /usr/lib/upower/upowerd
19-Mar-2013 07:19:05 Thread-5 uk.co.mdjcox.utils.OsUtils$StreamConsumer run INFO: ps.out:  1974 /usr/lib/gvfs/gvfsd
19-Mar-2013 07:19:05 Thread-5 uk.co.mdjcox.utils.OsUtils$StreamConsumer run INFO: ps.out:  1978 /usr/lib/gvfs//gvfsd-fuse -f /run/user/michael/gvfs
19-Mar-2013 07:19:05 Thread-5 uk.co.mdjcox.utils.OsUtils$StreamConsumer run INFO: ps.out:  1988 /usr/lib/gnome-settings-daemon/gsd-printer
19-Mar-2013 07:19:05 Thread-5 uk.co.mdjcox.utils.OsUtils$StreamConsumer run INFO: ps.out:  1989 /usr/bin/cinnamon
19-Mar-2013 07:19:05 Thread-5 uk.co.mdjcox.utils.OsUtils$StreamConsumer run INFO: ps.out:  1995 /usr/lib/accountsservice/accounts-daemon
19-Mar-2013 07:19:05 Thread-5 uk.co.mdjcox.utils.OsUtils$StreamConsumer run INFO: ps.out:  2004 /usr/bin/pulseaudio --start --log-target=syslog
19-Mar-2013 07:19:05 Thread-5 uk.co.mdjcox.utils.OsUtils$StreamConsumer run INFO: ps.out:  2006 /usr/lib/rtkit/rtkit-daemon
19-Mar-2013 07:19:05 Thread-5 uk.co.mdjcox.utils.OsUtils$StreamConsumer run INFO: ps.out:  2009 /usr/lib/pulseaudio/pulse/gconf-helper
19-Mar-2013 07:19:05 Thread-5 uk.co.mdjcox.utils.OsUtils$StreamConsumer run INFO: ps.out:  2014 /usr/lib/i386-linux-gnu/gconf/gconfd-2
19-Mar-2013 07:19:05 Thread-5 uk.co.mdjcox.utils.OsUtils$StreamConsumer run INFO: ps.out:  2015 syndaemon -i 2.0 -K -R -t
19-Mar-2013 07:19:05 Thread-5 uk.co.mdjcox.utils.OsUtils$StreamConsumer run INFO: ps.out:  2020 /usr/lib/gnome-settings-daemon/gnome-fallback-mount-helper
19-Mar-2013 07:19:05 Thread-5 uk.co.mdjcox.utils.OsUtils$StreamConsumer run INFO: ps.out:  2021 /usr/lib/fingerprint-gui/fingerprint-polkit-agent -d
19-Mar-2013 07:19:05 Thread-5 uk.co.mdjcox.utils.OsUtils$StreamConsumer run INFO: ps.out:  2022 /usr/bin/python /usr/bin/mintupdate-launcher
19-Mar-2013 07:19:05 Thread-5 uk.co.mdjcox.utils.OsUtils$StreamConsumer run INFO: ps.out:  2027 nm-applet
19-Mar-2013 07:19:05 Thread-5 uk.co.mdjcox.utils.OsUtils$StreamConsumer run INFO: ps.out:  2031 /usr/bin/python3 /usr/bin/google-tasks-indicator
19-Mar-2013 07:19:05 Thread-5 uk.co.mdjcox.utils.OsUtils$StreamConsumer run INFO: ps.out:  2034 sh -c /usr/lib/linuxmint/mintUpdate/mintUpdate.py
19-Mar-2013 07:19:05 Thread-5 uk.co.mdjcox.utils.OsUtils$StreamConsumer run INFO: ps.out:  2035 nemo -n
19-Mar-2013 07:19:05 Thread-5 uk.co.mdjcox.utils.OsUtils$StreamConsumer run INFO: ps.out:  2037 python /usr/lib/linuxmint/mintUpdate/mintUpdate.py
19-Mar-2013 07:19:05 Thread-5 uk.co.mdjcox.utils.OsUtils$StreamConsumer run INFO: ps.out:  2046 /usr/lib/gvfs/gvfs-udisks2-volume-monitor
19-Mar-2013 07:19:05 Thread-5 uk.co.mdjcox.utils.OsUtils$StreamConsumer run INFO: ps.out:  2049 /usr/lib/udisks2/udisksd --no-debug
19-Mar-2013 07:19:05 Thread-5 uk.co.mdjcox.utils.OsUtils$StreamConsumer run INFO: ps.out:  2060 /usr/lib/gvfs/gvfs-gphoto2-volume-monitor
19-Mar-2013 07:19:05 Thread-5 uk.co.mdjcox.utils.OsUtils$StreamConsumer run INFO: ps.out:  2064 /usr/lib/gvfs/gvfs-afc-volume-monitor
19-Mar-2013 07:19:05 Thread-5 uk.co.mdjcox.utils.OsUtils$StreamConsumer run INFO: ps.out:  2097 /usr/lib/gvfs/gvfsd-trash --spawner :1.7 /org/gtk/gvfs/exec_spaw/0
19-Mar-2013 07:19:05 Thread-5 uk.co.mdjcox.utils.OsUtils$StreamConsumer run INFO: ps.out:  2115 /usr/lib/gvfs/gvfsd-burn --spawner :1.7 /org/gtk/gvfs/exec_spaw/1
19-Mar-2013 07:19:05 Thread-5 uk.co.mdjcox.utils.OsUtils$StreamConsumer run INFO: ps.out:  2126 /usr/lib/gvfs/gvfsd-metadata
19-Mar-2013 07:19:05 Thread-5 uk.co.mdjcox.utils.OsUtils$StreamConsumer run INFO: ps.out:  2197 telepathy-indicator
19-Mar-2013 07:19:05 Thread-5 uk.co.mdjcox.utils.OsUtils$StreamConsumer run INFO: ps.out:  2203 /usr/lib/telepathy/mission-control-5
19-Mar-2013 07:19:05 Thread-5 uk.co.mdjcox.utils.OsUtils$StreamConsumer run INFO: ps.out:  2209 /usr/bin/signon-ui
19-Mar-2013 07:19:05 Thread-5 uk.co.mdjcox.utils.OsUtils$StreamConsumer run INFO: ps.out:  2210 gnome-screensaver
19-Mar-2013 07:19:05 Thread-5 uk.co.mdjcox.utils.OsUtils$StreamConsumer run INFO: ps.out:  2211 zeitgeist-datahub
19-Mar-2013 07:19:05 Thread-5 uk.co.mdjcox.utils.OsUtils$StreamConsumer run INFO: ps.out:  2217 /usr/bin/zeitgeist-daemon
19-Mar-2013 07:19:05 Thread-5 uk.co.mdjcox.utils.OsUtils$StreamConsumer run INFO: ps.out:  2225 /usr/lib/zeitgeist/zeitgeist-fts
19-Mar-2013 07:19:05 Thread-5 uk.co.mdjcox.utils.OsUtils$StreamConsumer run INFO: ps.out:  2233 /bin/cat
19-Mar-2013 07:19:05 Thread-5 uk.co.mdjcox.utils.OsUtils$StreamConsumer run INFO: ps.out:  3102 /bin/sh /home/michael/idea-IC-117.963/bin/idea.sh
19-Mar-2013 07:19:05 Thread-5 uk.co.mdjcox.utils.OsUtils$StreamConsumer run INFO: ps.out:  3137 /usr/lib/jvm/java-7-oracle/bin/java -Xms128m -Xmx512m -XX:MaxPermSize=250m -XX:ReservedCodeCacheSize=64m -ea -Djb.vmOptionsFile=/home/michael/idea-IC-117.963/bin/idea.vmoptions -Xbootclasspath/a:../lib/boot.jar -Didea.paths.selector=IdeaIC11 -Djb.restart.code=88 com.intellij.idea.Main
19-Mar-2013 07:19:05 Thread-5 uk.co.mdjcox.utils.OsUtils$StreamConsumer run INFO: ps.out:  3223 /home/michael/idea-IC-117.963/bin/fsnotifier
19-Mar-2013 07:19:05 Thread-5 uk.co.mdjcox.utils.OsUtils$StreamConsumer run INFO: ps.out:  3270 /usr/lib/firefox/firefox
19-Mar-2013 07:19:05 Thread-5 uk.co.mdjcox.utils.OsUtils$StreamConsumer run INFO: ps.out:  3337 /usr/sbin/dnsmasq --no-resolv --keep-in-foreground --no-hosts --bind-interfaces --pid-file=/var/run/sendsigs.omit.d/network-manager.dnsmasq.pid --listen-address=127.0.1.1 --conf-file=/var/run/nm-dns-dnsmasq.conf --cache-size=0 --proxy-dnssec --enable-dbus=org.freedesktop.NetworkManager.dnsmasq --conf-dir=/etc/NetworkManager/dnsmasq.d
19-Mar-2013 07:19:05 Thread-5 uk.co.mdjcox.utils.OsUtils$StreamConsumer run INFO: ps.out:  3488 nmbd -D
19-Mar-2013 07:19:05 Thread-5 uk.co.mdjcox.utils.OsUtils$StreamConsumer run INFO: ps.out:  3505 /usr/sbin/winbindd -F
19-Mar-2013 07:19:05 Thread-5 uk.co.mdjcox.utils.OsUtils$StreamConsumer run INFO: ps.out:  3506 /usr/sbin/winbindd -F
19-Mar-2013 07:19:05 Thread-5 uk.co.mdjcox.utils.OsUtils$StreamConsumer run INFO: ps.out:  3535 nautilus
19-Mar-2013 07:19:05 Thread-5 uk.co.mdjcox.utils.OsUtils$StreamConsumer run INFO: ps.out:  3546 /usr/lib/dconf/dconf-service
19-Mar-2013 07:19:05 Thread-5 uk.co.mdjcox.utils.OsUtils$StreamConsumer run INFO: ps.out:  3615 /bin/sh /opt/sagetv/client/sageclient.sh
19-Mar-2013 07:19:05 Thread-5 uk.co.mdjcox.utils.OsUtils$StreamConsumer run INFO: ps.out:  3618 java -cp MiniClient.jar:jogl.jar:gluegen-rt.jar:. sage.miniclient.MiniClient
19-Mar-2013 07:19:05 Thread-5 uk.co.mdjcox.utils.OsUtils$StreamConsumer run INFO: ps.out:  4265 java -Djava.awt.headless=true -DUSERKEY=STEAP1TDVFTPVNNSRWST1TNYPCFS1QWJ -Xmx384m -XX:+UseAdaptiveSizePolicy -XX:MaxGCPauseMillis=25 -XX:GCTimeRatio=24 -XX:ThreadPriorityPolicy=1 -cp Sage.jar:.:/:JARs/commons-jxpath-1.1.jar:JARs/jcifs-1.1.6.jar:JARs/sbbi-upnplib-1.0.3.jar:JARs/vecmath.jar SecuredLoader 0 0 x sagetv Sage.properties
19-Mar-2013 07:19:05 Thread-5 uk.co.mdjcox.utils.OsUtils$StreamConsumer run INFO: ps.out:  4432 gedit /opt/sagetv/server/sagetv_1.txt
19-Mar-2013 07:19:05 Thread-5 uk.co.mdjcox.utils.OsUtils$StreamConsumer run INFO: ps.out:  4797 gnome-terminal
19-Mar-2013 07:19:05 Thread-5 uk.co.mdjcox.utils.OsUtils$StreamConsumer run INFO: ps.out:  4804 gnome-pty-helper
19-Mar-2013 07:19:05 Thread-5 uk.co.mdjcox.utils.OsUtils$StreamConsumer run INFO: ps.out:  4805 bash
19-Mar-2013 07:19:05 Thread-5 uk.co.mdjcox.utils.OsUtils$StreamConsumer run INFO: ps.out:  8840 [kworker/0:2]
19-Mar-2013 07:19:05 Thread-5 uk.co.mdjcox.utils.OsUtils$StreamConsumer run INFO: ps.out: 10539 [kworker/0:1]
19-Mar-2013 07:19:05 Thread-5 uk.co.mdjcox.utils.OsUtils$StreamConsumer run INFO: ps.out: 10965 /usr/lib/evolution/evolution-source-registry
19-Mar-2013 07:19:05 Thread-5 uk.co.mdjcox.utils.OsUtils$StreamConsumer run INFO: ps.out: 10973 /usr/lib/gnome-online-accounts/goa-daemon
19-Mar-2013 07:19:05 Thread-5 uk.co.mdjcox.utils.OsUtils$StreamConsumer run INFO: ps.out: 10975 /usr/lib/evolution/evolution-addressbook-factory
19-Mar-2013 07:19:05 Thread-5 uk.co.mdjcox.utils.OsUtils$StreamConsumer run INFO: ps.out: 11011 [kworker/0:0]
19-Mar-2013 07:19:05 Thread-5 uk.co.mdjcox.utils.OsUtils$StreamConsumer run INFO: ps.out: 11268 [migration/1]
19-Mar-2013 07:19:05 Thread-5 uk.co.mdjcox.utils.OsUtils$StreamConsumer run INFO: ps.out: 11269 [kworker/1:1]
19-Mar-2013 07:19:05 Thread-5 uk.co.mdjcox.utils.OsUtils$StreamConsumer run INFO: ps.out: 11270 [ksoftirqd/1]
19-Mar-2013 07:19:05 Thread-5 uk.co.mdjcox.utils.OsUtils$StreamConsumer run INFO: ps.out: 11271 [watchdog/1]
19-Mar-2013 07:19:05 Thread-5 uk.co.mdjcox.utils.OsUtils$StreamConsumer run INFO: ps.out: 11311 [kworker/u:48]
19-Mar-2013 07:19:05 Thread-5 uk.co.mdjcox.utils.OsUtils$StreamConsumer run INFO: ps.out: 11313 [kworker/u:52]
19-Mar-2013 07:19:05 Thread-5 uk.co.mdjcox.utils.OsUtils$StreamConsumer run INFO: ps.out: 11551 [scsi_eh_26]
19-Mar-2013 07:19:05 Thread-5 uk.co.mdjcox.utils.OsUtils$StreamConsumer run INFO: ps.out: 11552 [usb-storage]
19-Mar-2013 07:19:05 Thread-5 uk.co.mdjcox.utils.OsUtils$StreamConsumer run INFO: ps.out: 11553 [scsi_eh_27]
19-Mar-2013 07:19:05 Thread-5 uk.co.mdjcox.utils.OsUtils$StreamConsumer run INFO: ps.out: 11554 [usb-storage]
19-Mar-2013 07:19:05 Thread-5 uk.co.mdjcox.utils.OsUtils$StreamConsumer run INFO: ps.out: 11570 /sbin/udevd --daemon
19-Mar-2013 07:19:05 Thread-5 uk.co.mdjcox.utils.OsUtils$StreamConsumer run INFO: ps.out: 11745 /sbin/udevd --daemon
19-Mar-2013 07:19:05 Thread-5 uk.co.mdjcox.utils.OsUtils$StreamConsumer run INFO: ps.out: 11762 /usr/sbin/pppd nodetach lock nodefaultroute ipv6 , user faster ttyUSB0 noipdefault noauth usepeerdns lcp-echo-failure 5 lcp-echo-interval 30 ipparam /org/freedesktop/NetworkManager/PPP/2 plugin /usr/lib/pppd/2.4.5/nm-pppd-plugin.so
19-Mar-2013 07:19:05 Thread-5 uk.co.mdjcox.utils.OsUtils$StreamConsumer run INFO: ps.out: 11924 [kworker/1:3]
19-Mar-2013 07:19:05 Thread-5 uk.co.mdjcox.utils.OsUtils$StreamConsumer run INFO: ps.out: 12286 [kworker/1:2]
19-Mar-2013 07:19:05 Thread-5 uk.co.mdjcox.utils.OsUtils$StreamConsumer run INFO: ps.out: 12517 [kworker/1:0]
19-Mar-2013 07:19:05 Thread-5 uk.co.mdjcox.utils.OsUtils$StreamConsumer run INFO: ps.out: 12673 /usr/lib/jvm/java-7-oracle/bin/java -agentlib:jdwp=transport=dt_socket,address=127.0.0.1:42843,suspend=y,server=n -javaagent:/home/michael/idea-IC-117.963/plugins/Groovy/lib/agent/gragent.jar -Dfile.encoding=UTF-8 -classpath /usr/lib/jvm/java-7-oracle/jre/lib/javaws.jar:/usr/lib/jvm/java-7-oracle/jre/lib/jce.jar:/usr/lib/jvm/java-7-oracle/jre/lib/resources.jar:/usr/lib/jvm/java-7-oracle/jre/lib/management-agent.jar:/usr/lib/jvm/java-7-oracle/jre/lib/rt.jar:/usr/lib/jvm/java-7-oracle/jre/lib/charsets.jar:/usr/lib/jvm/java-7-oracle/jre/lib/jsse.jar:/usr/lib/jvm/java-7-oracle/jre/lib/plugin.jar:/usr/lib/jvm/java-7-oracle/jre/lib/jfxrt.jar:/usr/lib/jvm/java-7-oracle/jre/lib/deploy.jar:/usr/lib/jvm/java-7-oracle/jre/lib/jfr.jar:/usr/lib/jvm/java-7-oracle/jre/lib/ext/sunpkcs11.jar:/usr/lib/jvm/java-7-oracle/jre/lib/ext/localedata.jar:/usr/lib/jvm/java-7-oracle/jre/lib/ext/dnsns.jar:/usr/lib/jvm/java-7-oracle/jre/lib/ext/sunjce_provider.jar:/usr/lib/jvm/java-7-oracle/jre/lib/ext/zipfs.jar:/usr/lib/jvm/java-7-oracle/jre/lib/ext/sunec.jar:/home/michael/Documents/CatchUp/out/production/CatchUp:/usr/share/groovy/lib/commons-cli.jar:/usr/share/groovy/lib/asm3.jar:/usr/share/groovy/lib/asm3-tree.jar:/usr/share/groovy/lib/junit4.jar:/usr/share/groovy/lib/ivy.jar:/usr/share/groovy/lib/asm3-analysis.jar:/usr/share/groovy/lib/regexp.jar:/usr/share/groovy/lib/jansi.jar:/usr/share/groovy/lib/bsf.jar:/usr/share/groovy/lib/jline.jar:/usr/share/groovy/lib/mockobjects-core.jar:/usr/share/groovy/lib/xstream.jar:/usr/share/groovy/lib/asm3-util.jar:/usr/share/groovy/lib/commons-logging.jar:/usr/share/groovy/lib/antlr.jar:/usr/share/groovy/lib/groovy-1.8.6.jar:/opt/sagetv/server/Sage.jar:/home/michael/Documents/CatchUp/libs/jetty-util.jar:/home/michael/Documents/CatchUp/libs/jetty.jar:/home/michael/Documents/CatchUp/libs/servlet-api-2.5.jar:/home/michael/idea-IC-117.963/lib/idea_rt.jar uk.co.mdjcox.plugin.Recorder
19-Mar-2013 07:19:05 Thread-5 uk.co.mdjcox.utils.OsUtils$StreamConsumer run INFO: ps.out: 12690 /usr/bin/perl /usr/bin/get_iplayer http://www.bbc.co.uk/iplayer/episode/b01rgpj6/The_A_to_Z_of_TV_Gardening_Letter_K/ -o /home/michael/Documents/CatchUp/recordings/
19-Mar-2013 07:19:05 Thread-5 uk.co.mdjcox.utils.OsUtils$StreamConsumer run INFO: ps.out: 12715 rtmpdump --port 1935 --protocol 0 --playpath mp4:iplayerstream/secure_auth/800kbps/MP/b01rgpj4_1363352452.mp4 --host bbcmedia.fcod.llnwd.net --swfVfy http://www.bbc.co.uk/emp/revisions/18269_21576_10player.swf?revision=18269_21576 --tcUrl rtmp://bbcmedia.fcod.llnwd.net:1935/a1414/e3?as=adobe-hmac-sha256&av=1&te=connect&mp=iplayerstream/secure_auth/800kbps/MP/b01rgpj4_1363352452.mp4&et=1363684712&fmta-token=2cad7fed30a8f522ca4dd02575e4225f6e60fa27b708f5091bf28eb4a6e063fc --app a1414/e3?as=adobe-hmac-sha256&av=1&te=connect&mp=iplayerstream/secure_auth/800kbps/MP/b01rgpj4_1363352452.mp4&et=1363684712&fmta-token=2cad7fed30a8f522ca4dd02575e4225f6e60fa27b708f5091bf28eb4a6e063fc --pageUrl http://www.bbc.co.uk/iplayer/episode/b01rgpj6/The_A_to_Z_of_TV_Gardening_Letter_K/ --resume -o /home/michael/Documents/CatchUp/recordings/The_A_to_Z_of_TV_Gardening_-_11._Letter_K_b01rgpj6_default.partial.mp4.flv --timeout 10
19-Mar-2013 07:19:05 Thread-5 uk.co.mdjcox.utils.OsUtils$StreamConsumer run INFO: ps.out: 12726 ps -eo pid,command
19-Mar-2013 07:19:05 Thread-5 uk.co.mdjcox.utils.OsUtils$StreamConsumer run INFO: Stream consumer ps.out terminating 
19-Mar-2013 07:19:05 main uk.co.mdjcox.utils.OsUtils spawnProcess INFO: Entering proc waitfor ps -eo pid,command
19-Mar-2013 07:19:05 main uk.co.mdjcox.utils.OsUtils spawnProcess INFO: Exiting proc waitfor ps -eo pid,command
19-Mar-2013 07:19:05 main uk.co.mdjcox.utils.OsUtils spawnProcess INFO: Result is 0 for ps -eo pid,command
19-Mar-2013 07:19:05 main uk.co.mdjcox.utils.UnixUtils getProcesses INFO: PID=
19-Mar-2013 07:19:05 main uk.co.mdjcox.utils.UnixUtils getProcesses INFO: 1=
19-Mar-2013 07:19:05 main uk.co.mdjcox.utils.UnixUtils getProcesses INFO: 2=
19-Mar-2013 07:19:05 main uk.co.mdjcox.utils.UnixUtils getProcesses INFO: 3=
19-Mar-2013 07:19:05 main uk.co.mdjcox.utils.UnixUtils getProcesses INFO: 6=
19-Mar-2013 07:19:05 main uk.co.mdjcox.utils.UnixUtils getProcesses INFO: 7=
19-Mar-2013 07:19:05 main uk.co.mdjcox.utils.UnixUtils getProcesses INFO: 12=
19-Mar-2013 07:19:05 main uk.co.mdjcox.utils.UnixUtils getProcesses INFO: 13=
19-Mar-2013 07:19:05 main uk.co.mdjcox.utils.UnixUtils getProcesses INFO: 14=
19-Mar-2013 07:19:05 main uk.co.mdjcox.utils.UnixUtils getProcesses INFO: 15=
19-Mar-2013 07:19:05 main uk.co.mdjcox.utils.UnixUtils getProcesses INFO: 17=
19-Mar-2013 07:19:05 main uk.co.mdjcox.utils.UnixUtils getProcesses INFO: 18=
19-Mar-2013 07:19:05 main uk.co.mdjcox.utils.UnixUtils getProcesses INFO: 19=
19-Mar-2013 07:19:05 main uk.co.mdjcox.utils.UnixUtils getProcesses INFO: 20=
19-Mar-2013 07:19:05 main uk.co.mdjcox.utils.UnixUtils getProcesses INFO: 21=
19-Mar-2013 07:19:05 main uk.co.mdjcox.utils.UnixUtils getProcesses INFO: 22=
19-Mar-2013 07:19:05 main uk.co.mdjcox.utils.UnixUtils getProcesses INFO: 23=
19-Mar-2013 07:19:05 main uk.co.mdjcox.utils.UnixUtils getProcesses INFO: 26=
19-Mar-2013 07:19:05 main uk.co.mdjcox.utils.UnixUtils getProcesses INFO: 27=
19-Mar-2013 07:19:05 main uk.co.mdjcox.utils.UnixUtils getProcesses INFO: 28=
19-Mar-2013 07:19:05 main uk.co.mdjcox.utils.UnixUtils getProcesses INFO: 29=
19-Mar-2013 07:19:05 main uk.co.mdjcox.utils.UnixUtils getProcesses INFO: 30=
19-Mar-2013 07:19:05 main uk.co.mdjcox.utils.UnixUtils getProcesses INFO: 31=
19-Mar-2013 07:19:05 main uk.co.mdjcox.utils.UnixUtils getProcesses INFO: 32=
19-Mar-2013 07:19:05 main uk.co.mdjcox.utils.UnixUtils getProcesses INFO: 41=
19-Mar-2013 07:19:05 main uk.co.mdjcox.utils.UnixUtils getProcesses INFO: 45=
19-Mar-2013 07:19:05 main uk.co.mdjcox.utils.UnixUtils getProcesses INFO: 46=
19-Mar-2013 07:19:05 main uk.co.mdjcox.utils.UnixUtils getProcesses INFO: 49=
19-Mar-2013 07:19:05 main uk.co.mdjcox.utils.UnixUtils getProcesses INFO: 69=
19-Mar-2013 07:19:05 main uk.co.mdjcox.utils.UnixUtils getProcesses INFO: 70=
19-Mar-2013 07:19:05 main uk.co.mdjcox.utils.UnixUtils getProcesses INFO: 71=
19-Mar-2013 07:19:05 main uk.co.mdjcox.utils.UnixUtils getProcesses INFO: 240=
19-Mar-2013 07:19:05 main uk.co.mdjcox.utils.UnixUtils getProcesses INFO: 319=
19-Mar-2013 07:19:05 main uk.co.mdjcox.utils.UnixUtils getProcesses INFO: 320=
19-Mar-2013 07:19:05 main uk.co.mdjcox.utils.UnixUtils getProcesses INFO: 340=
19-Mar-2013 07:19:05 main uk.co.mdjcox.utils.UnixUtils getProcesses INFO: 408=upstart-udev-bridge
19-Mar-2013 07:19:05 main uk.co.mdjcox.utils.UnixUtils getProcesses INFO: 410=/sbin/udevd
19-Mar-2013 07:19:05 main uk.co.mdjcox.utils.UnixUtils getProcesses INFO: 485=
19-Mar-2013 07:19:05 main uk.co.mdjcox.utils.UnixUtils getProcesses INFO: 577=
19-Mar-2013 07:19:05 main uk.co.mdjcox.utils.UnixUtils getProcesses INFO: 623=
19-Mar-2013 07:19:05 main uk.co.mdjcox.utils.UnixUtils getProcesses INFO: 642=
19-Mar-2013 07:19:05 main uk.co.mdjcox.utils.UnixUtils getProcesses INFO: 653=
19-Mar-2013 07:19:05 main uk.co.mdjcox.utils.UnixUtils getProcesses INFO: 656=
19-Mar-2013 07:19:05 main uk.co.mdjcox.utils.UnixUtils getProcesses INFO: 723=
19-Mar-2013 07:19:05 main uk.co.mdjcox.utils.UnixUtils getProcesses INFO: 763=
19-Mar-2013 07:19:05 main uk.co.mdjcox.utils.UnixUtils getProcesses INFO: 789=upstart-socket-bridge
19-Mar-2013 07:19:05 main uk.co.mdjcox.utils.UnixUtils getProcesses INFO: 790=
19-Mar-2013 07:19:05 main uk.co.mdjcox.utils.UnixUtils getProcesses INFO: 911=
19-Mar-2013 07:19:05 main uk.co.mdjcox.utils.UnixUtils getProcesses INFO: 912=
19-Mar-2013 07:19:05 main uk.co.mdjcox.utils.UnixUtils getProcesses INFO: 927=smbd
19-Mar-2013 07:19:05 main uk.co.mdjcox.utils.UnixUtils getProcesses INFO: 983=rsyslogd
19-Mar-2013 07:19:05 main uk.co.mdjcox.utils.UnixUtils getProcesses INFO: 997=dbus-daemon --system
19-Mar-2013 07:19:05 main uk.co.mdjcox.utils.UnixUtils getProcesses INFO: 1017=
19-Mar-2013 07:19:05 main uk.co.mdjcox.utils.UnixUtils getProcesses INFO: 1019=smbd
19-Mar-2013 07:19:05 main uk.co.mdjcox.utils.UnixUtils getProcesses INFO: 1021=
19-Mar-2013 07:19:05 main uk.co.mdjcox.utils.UnixUtils getProcesses INFO: 1031=avahi-daemon: running
19-Mar-2013 07:19:05 main uk.co.mdjcox.utils.UnixUtils getProcesses INFO: 1034=avahi-daemon: chroot
19-Mar-2013 07:19:05 main uk.co.mdjcox.utils.UnixUtils getProcesses INFO: 1054=
19-Mar-2013 07:19:05 main uk.co.mdjcox.utils.UnixUtils getProcesses INFO: 1055=/usr/sbin/cupsd
19-Mar-2013 07:19:05 main uk.co.mdjcox.utils.UnixUtils getProcesses INFO: 1059=
19-Mar-2013 07:19:05 main uk.co.mdjcox.utils.UnixUtils getProcesses INFO: 1062=/usr/lib/policykit-1/polkitd
19-Mar-2013 07:19:05 main uk.co.mdjcox.utils.UnixUtils getProcesses INFO: 1072=
19-Mar-2013 07:19:05 main uk.co.mdjcox.utils.UnixUtils getProcesses INFO: 1251=/sbin/getty -8 38400
19-Mar-2013 07:19:05 main uk.co.mdjcox.utils.UnixUtils getProcesses INFO: 1259=/sbin/getty -8 38400
19-Mar-2013 07:19:05 main uk.co.mdjcox.utils.UnixUtils getProcesses INFO: 1267=/sbin/getty -8 38400
19-Mar-2013 07:19:05 main uk.co.mdjcox.utils.UnixUtils getProcesses INFO: 1268=/sbin/getty -8 38400
19-Mar-2013 07:19:05 main uk.co.mdjcox.utils.UnixUtils getProcesses INFO: 1271=/sbin/getty -8 38400
19-Mar-2013 07:19:05 main uk.co.mdjcox.utils.UnixUtils getProcesses INFO: 1282=acpid -c /etc/acpi/events -s
19-Mar-2013 07:19:05 main uk.co.mdjcox.utils.UnixUtils getProcesses INFO: 1287=
19-Mar-2013 07:19:05 main uk.co.mdjcox.utils.UnixUtils getProcesses INFO: 1290=/bin/bash
19-Mar-2013 07:19:05 main uk.co.mdjcox.utils.UnixUtils getProcesses INFO: 1298=
19-Mar-2013 07:19:05 main uk.co.mdjcox.utils.UnixUtils getProcesses INFO: 1299=
19-Mar-2013 07:19:05 main uk.co.mdjcox.utils.UnixUtils getProcesses INFO: 1323=
19-Mar-2013 07:19:05 main uk.co.mdjcox.utils.UnixUtils getProcesses INFO: 1368=
19-Mar-2013 07:19:05 main uk.co.mdjcox.utils.UnixUtils getProcesses INFO: 1369=
19-Mar-2013 07:19:05 main uk.co.mdjcox.utils.UnixUtils getProcesses INFO: 1407=/usr/bin/X :0 -audit 0 -auth /var/lib/mdm/:0.Xauth -nolisten tcp
19-Mar-2013 07:19:05 main uk.co.mdjcox.utils.UnixUtils getProcesses INFO: 1571=/usr/bin/timidity -Os
19-Mar-2013 07:19:05 main uk.co.mdjcox.utils.UnixUtils getProcesses INFO: 1575=/sbin/getty -8 38400
19-Mar-2013 07:19:05 main uk.co.mdjcox.utils.UnixUtils getProcesses INFO: 1641=/usr/bin/gnome-keyring-daemon --daemonize
19-Mar-2013 07:19:05 main uk.co.mdjcox.utils.UnixUtils getProcesses INFO: 1645=/usr/sbin/console-kit-daemon
19-Mar-2013 07:19:05 main uk.co.mdjcox.utils.UnixUtils getProcesses INFO: 1718=gnome-session --session
19-Mar-2013 07:19:05 main uk.co.mdjcox.utils.UnixUtils getProcesses INFO: 1795=/usr/bin/ssh-agent /usr/bin/dbus-launch --exit-with-session
19-Mar-2013 07:19:05 main uk.co.mdjcox.utils.UnixUtils getProcesses INFO: 1798=/usr/bin/dbus-launch --exit-with-session
19-Mar-2013 07:19:05 main uk.co.mdjcox.utils.UnixUtils getProcesses INFO: 1799=//bin/dbus-daemon --fork --print-pid 5 --print-address 9
19-Mar-2013 07:19:05 main uk.co.mdjcox.utils.UnixUtils getProcesses INFO: 1801=
19-Mar-2013 07:19:05 main uk.co.mdjcox.utils.UnixUtils getProcesses INFO: 1805=/bin/dbus-daemon --config-file=/etc/at-spi2/accessibility.conf --nofork --print-address
19-Mar-2013 07:19:05 main uk.co.mdjcox.utils.UnixUtils getProcesses INFO: 1808=/usr/lib/at-spi2-core/at-spi2-registryd
19-Mar-2013 07:19:05 main uk.co.mdjcox.utils.UnixUtils getProcesses INFO: 1824=
19-Mar-2013 07:19:05 main uk.co.mdjcox.utils.UnixUtils getProcesses INFO: 1829=
19-Mar-2013 07:19:05 main uk.co.mdjcox.utils.UnixUtils getProcesses INFO: 1974=
19-Mar-2013 07:19:05 main uk.co.mdjcox.utils.UnixUtils getProcesses INFO: 1978=/usr/lib/gvfs//gvfsd-fuse -f
19-Mar-2013 07:19:05 main uk.co.mdjcox.utils.UnixUtils getProcesses INFO: 1988=
19-Mar-2013 07:19:05 main uk.co.mdjcox.utils.UnixUtils getProcesses INFO: 1989=
19-Mar-2013 07:19:05 main uk.co.mdjcox.utils.UnixUtils getProcesses INFO: 1995=
19-Mar-2013 07:19:05 main uk.co.mdjcox.utils.UnixUtils getProcesses INFO: 2004=/usr/bin/pulseaudio --start
19-Mar-2013 07:19:05 main uk.co.mdjcox.utils.UnixUtils getProcesses INFO: 2006=
19-Mar-2013 07:19:05 main uk.co.mdjcox.utils.UnixUtils getProcesses INFO: 2009=
19-Mar-2013 07:19:05 main uk.co.mdjcox.utils.UnixUtils getProcesses INFO: 2014=
19-Mar-2013 07:19:05 main uk.co.mdjcox.utils.UnixUtils getProcesses INFO: 2015=syndaemon -i 2.0 -K -R
19-Mar-2013 07:19:05 main uk.co.mdjcox.utils.UnixUtils getProcesses INFO: 2020=
19-Mar-2013 07:19:05 main uk.co.mdjcox.utils.UnixUtils getProcesses INFO: 2021=/usr/lib/fingerprint-gui/fingerprint-polkit-agent
19-Mar-2013 07:19:05 main uk.co.mdjcox.utils.UnixUtils getProcesses INFO: 2022=/usr/bin/python
19-Mar-2013 07:19:05 main uk.co.mdjcox.utils.UnixUtils getProcesses INFO: 2027=
19-Mar-2013 07:19:05 main uk.co.mdjcox.utils.UnixUtils getProcesses INFO: 2031=/usr/bin/python3
19-Mar-2013 07:19:05 main uk.co.mdjcox.utils.UnixUtils getProcesses INFO: 2034=sh -c
19-Mar-2013 07:19:05 main uk.co.mdjcox.utils.UnixUtils getProcesses INFO: 2035=nemo
19-Mar-2013 07:19:05 main uk.co.mdjcox.utils.UnixUtils getProcesses INFO: 2037=python
19-Mar-2013 07:19:05 main uk.co.mdjcox.utils.UnixUtils getProcesses INFO: 2046=
19-Mar-2013 07:19:05 main uk.co.mdjcox.utils.UnixUtils getProcesses INFO: 2049=/usr/lib/udisks2/udisksd
19-Mar-2013 07:19:05 main uk.co.mdjcox.utils.UnixUtils getProcesses INFO: 2060=
19-Mar-2013 07:19:05 main uk.co.mdjcox.utils.UnixUtils getProcesses INFO: 2064=
19-Mar-2013 07:19:05 main uk.co.mdjcox.utils.UnixUtils getProcesses INFO: 2097=/usr/lib/gvfs/gvfsd-trash --spawner :1.7
19-Mar-2013 07:19:05 main uk.co.mdjcox.utils.UnixUtils getProcesses INFO: 2115=/usr/lib/gvfs/gvfsd-burn --spawner :1.7
19-Mar-2013 07:19:05 main uk.co.mdjcox.utils.UnixUtils getProcesses INFO: 2126=
19-Mar-2013 07:19:05 main uk.co.mdjcox.utils.UnixUtils getProcesses INFO: 2197=
19-Mar-2013 07:19:05 main uk.co.mdjcox.utils.UnixUtils getProcesses INFO: 2203=
19-Mar-2013 07:19:05 main uk.co.mdjcox.utils.UnixUtils getProcesses INFO: 2209=
19-Mar-2013 07:19:05 main uk.co.mdjcox.utils.UnixUtils getProcesses INFO: 2210=
19-Mar-2013 07:19:05 main uk.co.mdjcox.utils.UnixUtils getProcesses INFO: 2211=
19-Mar-2013 07:19:05 main uk.co.mdjcox.utils.UnixUtils getProcesses INFO: 2217=
19-Mar-2013 07:19:05 main uk.co.mdjcox.utils.UnixUtils getProcesses INFO: 2225=
19-Mar-2013 07:19:05 main uk.co.mdjcox.utils.UnixUtils getProcesses INFO: 2233=
19-Mar-2013 07:19:05 main uk.co.mdjcox.utils.UnixUtils getProcesses INFO: 3102=/bin/sh
19-Mar-2013 07:19:05 main uk.co.mdjcox.utils.UnixUtils getProcesses INFO: 3137=/usr/lib/jvm/java-7-oracle/bin/java -Xms128m -Xmx512m -XX:MaxPermSize=250m -XX:ReservedCodeCacheSize=64m -ea -Djb.vmOptionsFile=/home/michael/idea-IC-117.963/bin/idea.vmoptions -Xbootclasspath/a:../lib/boot.jar -Didea.paths.selector=IdeaIC11 -Djb.restart.code=88
19-Mar-2013 07:19:05 main uk.co.mdjcox.utils.UnixUtils getProcesses INFO: 3223=
19-Mar-2013 07:19:05 main uk.co.mdjcox.utils.UnixUtils getProcesses INFO: 3270=
19-Mar-2013 07:19:05 main uk.co.mdjcox.utils.UnixUtils getProcesses INFO: 3337=/usr/sbin/dnsmasq --no-resolv --keep-in-foreground --no-hosts --bind-interfaces --pid-file=/var/run/sendsigs.omit.d/network-manager.dnsmasq.pid --listen-address=127.0.1.1 --conf-file=/var/run/nm-dns-dnsmasq.conf --cache-size=0 --proxy-dnssec --enable-dbus=org.freedesktop.NetworkManager.dnsmasq
19-Mar-2013 07:19:05 main uk.co.mdjcox.utils.UnixUtils getProcesses INFO: 3488=nmbd
19-Mar-2013 07:19:05 main uk.co.mdjcox.utils.UnixUtils getProcesses INFO: 3505=/usr/sbin/winbindd
19-Mar-2013 07:19:05 main uk.co.mdjcox.utils.UnixUtils getProcesses INFO: 3506=/usr/sbin/winbindd
19-Mar-2013 07:19:05 main uk.co.mdjcox.utils.UnixUtils getProcesses INFO: 3535=
19-Mar-2013 07:19:05 main uk.co.mdjcox.utils.UnixUtils getProcesses INFO: 3546=
19-Mar-2013 07:19:05 main uk.co.mdjcox.utils.UnixUtils getProcesses INFO: 3615=/bin/sh
19-Mar-2013 07:19:05 main uk.co.mdjcox.utils.UnixUtils getProcesses INFO: 3618=java -cp MiniClient.jar:jogl.jar:gluegen-rt.jar:.
19-Mar-2013 07:19:05 main uk.co.mdjcox.utils.UnixUtils getProcesses INFO: 4265=java -Djava.awt.headless=true -DUSERKEY=STEAP1TDVFTPVNNSRWST1TNYPCFS1QWJ -Xmx384m -XX:+UseAdaptiveSizePolicy -XX:MaxGCPauseMillis=25 -XX:GCTimeRatio=24 -XX:ThreadPriorityPolicy=1 -cp Sage.jar:.:/:JARs/commons-jxpath-1.1.jar:JARs/jcifs-1.1.6.jar:JARs/sbbi-upnplib-1.0.3.jar:JARs/vecmath.jar SecuredLoader 0 0 x sagetv
19-Mar-2013 07:19:05 main uk.co.mdjcox.utils.UnixUtils getProcesses INFO: 4432=gedit
19-Mar-2013 07:19:05 main uk.co.mdjcox.utils.UnixUtils getProcesses INFO: 4797=
19-Mar-2013 07:19:05 main uk.co.mdjcox.utils.UnixUtils getProcesses INFO: 4804=
19-Mar-2013 07:19:05 main uk.co.mdjcox.utils.UnixUtils getProcesses INFO: 4805=
19-Mar-2013 07:19:05 main uk.co.mdjcox.utils.UnixUtils getProcesses INFO: 8840=
19-Mar-2013 07:19:05 main uk.co.mdjcox.utils.UnixUtils getProcesses INFO: 10539=
19-Mar-2013 07:19:05 main uk.co.mdjcox.utils.UnixUtils getProcesses INFO: 10965=
19-Mar-2013 07:19:05 main uk.co.mdjcox.utils.UnixUtils getProcesses INFO: 10973=
19-Mar-2013 07:19:05 main uk.co.mdjcox.utils.UnixUtils getProcesses INFO: 10975=
19-Mar-2013 07:19:05 main uk.co.mdjcox.utils.UnixUtils getProcesses INFO: 11011=
19-Mar-2013 07:19:05 main uk.co.mdjcox.utils.UnixUtils getProcesses INFO: 11268=
19-Mar-2013 07:19:05 main uk.co.mdjcox.utils.UnixUtils getProcesses INFO: 11269=
19-Mar-2013 07:19:05 main uk.co.mdjcox.utils.UnixUtils getProcesses INFO: 11270=
19-Mar-2013 07:19:05 main uk.co.mdjcox.utils.UnixUtils getProcesses INFO: 11271=
19-Mar-2013 07:19:05 main uk.co.mdjcox.utils.UnixUtils getProcesses INFO: 11311=
19-Mar-2013 07:19:05 main uk.co.mdjcox.utils.UnixUtils getProcesses INFO: 11313=
19-Mar-2013 07:19:05 main uk.co.mdjcox.utils.UnixUtils getProcesses INFO: 11551=
19-Mar-2013 07:19:05 main uk.co.mdjcox.utils.UnixUtils getProcesses INFO: 11552=
19-Mar-2013 07:19:05 main uk.co.mdjcox.utils.UnixUtils getProcesses INFO: 11553=
19-Mar-2013 07:19:05 main uk.co.mdjcox.utils.UnixUtils getProcesses INFO: 11554=
19-Mar-2013 07:19:05 main uk.co.mdjcox.utils.UnixUtils getProcesses INFO: 11570=/sbin/udevd
19-Mar-2013 07:19:05 main uk.co.mdjcox.utils.UnixUtils getProcesses INFO: 11745=/sbin/udevd
19-Mar-2013 07:19:05 main uk.co.mdjcox.utils.UnixUtils getProcesses INFO: 11762=/usr/sbin/pppd nodetach lock nodefaultroute ipv6 , user faster ttyUSB0 noipdefault noauth usepeerdns lcp-echo-failure 5 lcp-echo-interval 30 ipparam /org/freedesktop/NetworkManager/PPP/2 plugin
19-Mar-2013 07:19:05 main uk.co.mdjcox.utils.UnixUtils getProcesses INFO: 11924=
19-Mar-2013 07:19:05 main uk.co.mdjcox.utils.UnixUtils getProcesses INFO: 12286=
19-Mar-2013 07:19:05 main uk.co.mdjcox.utils.UnixUtils getProcesses INFO: 12517=
19-Mar-2013 07:19:05 Thread-1 uk.co.mdjcox.utils.OsUtils$StreamConsumer run INFO: record.err: 4509.994 kB / 45.80 sec (1.7%)
19-Mar-2013 07:19:05 main uk.co.mdjcox.utils.UnixUtils getProcesses INFO: 12673=/usr/lib/jvm/java-7-oracle/bin/java -agentlib:jdwp=transport=dt_socket,address=127.0.0.1:42843,suspend=y,server=n -javaagent:/home/michael/idea-IC-117.963/plugins/Groovy/lib/agent/gragent.jar -Dfile.encoding=UTF-8 -classpath /usr/lib/jvm/java-7-oracle/jre/lib/javaws.jar:/usr/lib/jvm/java-7-oracle/jre/lib/jce.jar:/usr/lib/jvm/java-7-oracle/jre/lib/resources.jar:/usr/lib/jvm/java-7-oracle/jre/lib/management-agent.jar:/usr/lib/jvm/java-7-oracle/jre/lib/rt.jar:/usr/lib/jvm/java-7-oracle/jre/lib/charsets.jar:/usr/lib/jvm/java-7-oracle/jre/lib/jsse.jar:/usr/lib/jvm/java-7-oracle/jre/lib/plugin.jar:/usr/lib/jvm/java-7-oracle/jre/lib/jfxrt.jar:/usr/lib/jvm/java-7-oracle/jre/lib/deploy.jar:/usr/lib/jvm/java-7-oracle/jre/lib/jfr.jar:/usr/lib/jvm/java-7-oracle/jre/lib/ext/sunpkcs11.jar:/usr/lib/jvm/java-7-oracle/jre/lib/ext/localedata.jar:/usr/lib/jvm/java-7-oracle/jre/lib/ext/dnsns.jar:/usr/lib/jvm/java-7-oracle/jre/lib/ext/sunjce_provider.jar:/usr/lib/jvm/java-7-oracle/jre/lib/ext/zipfs.jar:/usr/lib/jvm/java-7-oracle/jre/lib/ext/sunec.jar:/home/michael/Documents/CatchUp/out/production/CatchUp:/usr/share/groovy/lib/commons-cli.jar:/usr/share/groovy/lib/asm3.jar:/usr/share/groovy/lib/asm3-tree.jar:/usr/share/groovy/lib/junit4.jar:/usr/share/groovy/lib/ivy.jar:/usr/share/groovy/lib/asm3-analysis.jar:/usr/share/groovy/lib/regexp.jar:/usr/share/groovy/lib/jansi.jar:/usr/share/groovy/lib/bsf.jar:/usr/share/groovy/lib/jline.jar:/usr/share/groovy/lib/mockobjects-core.jar:/usr/share/groovy/lib/xstream.jar:/usr/share/groovy/lib/asm3-util.jar:/usr/share/groovy/lib/commons-logging.jar:/usr/share/groovy/lib/antlr.jar:/usr/share/groovy/lib/groovy-1.8.6.jar:/opt/sagetv/server/Sage.jar:/home/michael/Documents/CatchUp/libs/jetty-util.jar:/home/michael/Documents/CatchUp/libs/jetty.jar:/home/michael/Documents/CatchUp/libs/servlet-api-2.5.jar:/home/michael/idea-IC-117.963/lib/idea_rt.jar
19-Mar-2013 07:19:05 main uk.co.mdjcox.utils.UnixUtils getProcesses INFO: 12690=/usr/bin/perl /usr/bin/get_iplayer http://www.bbc.co.uk/iplayer/episode/b01rgpj6/The_A_to_Z_of_TV_Gardening_Letter_K/ -o
19-Mar-2013 07:19:05 main uk.co.mdjcox.utils.UnixUtils getProcesses INFO: 12715=rtmpdump --port 1935 --protocol 0 --playpath mp4:iplayerstream/secure_auth/800kbps/MP/b01rgpj4_1363352452.mp4 --host bbcmedia.fcod.llnwd.net --swfVfy http://www.bbc.co.uk/emp/revisions/18269_21576_10player.swf?revision=18269_21576 --tcUrl rtmp://bbcmedia.fcod.llnwd.net:1935/a1414/e3?as=adobe-hmac-sha256&av=1&te=connect&mp=iplayerstream/secure_auth/800kbps/MP/b01rgpj4_1363352452.mp4&et=1363684712&fmta-token=2cad7fed30a8f522ca4dd02575e4225f6e60fa27b708f5091bf28eb4a6e063fc --app a1414/e3?as=adobe-hmac-sha256&av=1&te=connect&mp=iplayerstream/secure_auth/800kbps/MP/b01rgpj4_1363352452.mp4&et=1363684712&fmta-token=2cad7fed30a8f522ca4dd02575e4225f6e60fa27b708f5091bf28eb4a6e063fc --pageUrl http://www.bbc.co.uk/iplayer/episode/b01rgpj6/The_A_to_Z_of_TV_Gardening_Letter_K/ --resume -o /home/michael/Documents/CatchUp/recordings/The_A_to_Z_of_TV_Gardening_-_11._Letter_K_b01rgpj6_default.partial.mp4.flv --timeout
19-Mar-2013 07:19:05 main uk.co.mdjcox.utils.UnixUtils getProcesses INFO: 12726=ps -eo
19-Mar-2013 07:19:05 main uk.co.mdjcox.plugin.Recorder stop INFO: Checking 12517 
19-Mar-2013 07:19:05 main uk.co.mdjcox.plugin.Recorder stop INFO: Checking 1645 /usr/sbin/console-kit-daemon
19-Mar-2013 07:19:05 main uk.co.mdjcox.plugin.Recorder stop INFO: Checking 2022 /usr/bin/python
19-Mar-2013 07:19:05 main uk.co.mdjcox.plugin.Recorder stop INFO: Checking 1062 /usr/lib/policykit-1/polkitd
19-Mar-2013 07:19:05 main uk.co.mdjcox.plugin.Recorder stop INFO: Checking 2031 /usr/bin/python3
19-Mar-2013 07:19:05 main uk.co.mdjcox.plugin.Recorder stop INFO: Checking 1407 /usr/bin/X :0 -audit 0 -auth /var/lib/mdm/:0.Xauth -nolisten tcp
19-Mar-2013 07:19:05 main uk.co.mdjcox.plugin.Recorder stop INFO: Checking 1290 /bin/bash
19-Mar-2013 07:19:05 main uk.co.mdjcox.plugin.Recorder stop INFO: Checking 1034 avahi-daemon: chroot
19-Mar-2013 07:19:05 main uk.co.mdjcox.plugin.Recorder stop INFO: Checking 4432 gedit
19-Mar-2013 07:19:05 main uk.co.mdjcox.plugin.Recorder stop INFO: Checking 1641 /usr/bin/gnome-keyring-daemon --daemonize
19-Mar-2013 07:19:05 main uk.co.mdjcox.plugin.Recorder stop INFO: Checking 3337 /usr/sbin/dnsmasq --no-resolv --keep-in-foreground --no-hosts --bind-interfaces --pid-file=/var/run/sendsigs.omit.d/network-manager.dnsmasq.pid --listen-address=127.0.1.1 --conf-file=/var/run/nm-dns-dnsmasq.conf --cache-size=0 --proxy-dnssec --enable-dbus=org.freedesktop.NetworkManager.dnsmasq
19-Mar-2013 07:19:05 main uk.co.mdjcox.plugin.Recorder stop INFO: Checking 12726 ps -eo
19-Mar-2013 07:19:05 main uk.co.mdjcox.plugin.Recorder stop INFO: Checking 2037 python
19-Mar-2013 07:19:05 main uk.co.mdjcox.plugin.Recorder stop INFO: Checking 1795 /usr/bin/ssh-agent /usr/bin/dbus-launch --exit-with-session
19-Mar-2013 07:19:05 main uk.co.mdjcox.plugin.Recorder stop INFO: Checking 12673 /usr/lib/jvm/java-7-oracle/bin/java -agentlib:jdwp=transport=dt_socket,address=127.0.0.1:42843,suspend=y,server=n -javaagent:/home/michael/idea-IC-117.963/plugins/Groovy/lib/agent/gragent.jar -Dfile.encoding=UTF-8 -classpath /usr/lib/jvm/java-7-oracle/jre/lib/javaws.jar:/usr/lib/jvm/java-7-oracle/jre/lib/jce.jar:/usr/lib/jvm/java-7-oracle/jre/lib/resources.jar:/usr/lib/jvm/java-7-oracle/jre/lib/management-agent.jar:/usr/lib/jvm/java-7-oracle/jre/lib/rt.jar:/usr/lib/jvm/java-7-oracle/jre/lib/charsets.jar:/usr/lib/jvm/java-7-oracle/jre/lib/jsse.jar:/usr/lib/jvm/java-7-oracle/jre/lib/plugin.jar:/usr/lib/jvm/java-7-oracle/jre/lib/jfxrt.jar:/usr/lib/jvm/java-7-oracle/jre/lib/deploy.jar:/usr/lib/jvm/java-7-oracle/jre/lib/jfr.jar:/usr/lib/jvm/java-7-oracle/jre/lib/ext/sunpkcs11.jar:/usr/lib/jvm/java-7-oracle/jre/lib/ext/localedata.jar:/usr/lib/jvm/java-7-oracle/jre/lib/ext/dnsns.jar:/usr/lib/jvm/java-7-oracle/jre/lib/ext/sunjce_provider.jar:/usr/lib/jvm/java-7-oracle/jre/lib/ext/zipfs.jar:/usr/lib/jvm/java-7-oracle/jre/lib/ext/sunec.jar:/home/michael/Documents/CatchUp/out/production/CatchUp:/usr/share/groovy/lib/commons-cli.jar:/usr/share/groovy/lib/asm3.jar:/usr/share/groovy/lib/asm3-tree.jar:/usr/share/groovy/lib/junit4.jar:/usr/share/groovy/lib/ivy.jar:/usr/share/groovy/lib/asm3-analysis.jar:/usr/share/groovy/lib/regexp.jar:/usr/share/groovy/lib/jansi.jar:/usr/share/groovy/lib/bsf.jar:/usr/share/groovy/lib/jline.jar:/usr/share/groovy/lib/mockobjects-core.jar:/usr/share/groovy/lib/xstream.jar:/usr/share/groovy/lib/asm3-util.jar:/usr/share/groovy/lib/commons-logging.jar:/usr/share/groovy/lib/antlr.jar:/usr/share/groovy/lib/groovy-1.8.6.jar:/opt/sagetv/server/Sage.jar:/home/michael/Documents/CatchUp/libs/jetty-util.jar:/home/michael/Documents/CatchUp/libs/jetty.jar:/home/michael/Documents/CatchUp/libs/servlet-api-2.5.jar:/home/michael/idea-IC-117.963/lib/idea_rt.jar
19-Mar-2013 07:19:05 main uk.co.mdjcox.plugin.Recorder stop INFO: Checking 11745 /sbin/udevd
19-Mar-2013 07:19:05 main uk.co.mdjcox.plugin.Recorder stop INFO: Checking 2035 nemo
19-Mar-2013 07:19:05 main uk.co.mdjcox.plugin.Recorder stop INFO: Checking 11762 /usr/sbin/pppd nodetach lock nodefaultroute ipv6 , user faster ttyUSB0 noipdefault noauth usepeerdns lcp-echo-failure 5 lcp-echo-interval 30 ipparam /org/freedesktop/NetworkManager/PPP/2 plugin
19-Mar-2013 07:19:05 main uk.co.mdjcox.plugin.Recorder stop INFO: Checking 1282 acpid -c /etc/acpi/events -s
19-Mar-2013 07:19:05 main uk.co.mdjcox.plugin.Recorder stop INFO: Checking 3137 /usr/lib/jvm/java-7-oracle/bin/java -Xms128m -Xmx512m -XX:MaxPermSize=250m -XX:ReservedCodeCacheSize=64m -ea -Djb.vmOptionsFile=/home/michael/idea-IC-117.963/bin/idea.vmoptions -Xbootclasspath/a:../lib/boot.jar -Didea.paths.selector=IdeaIC11 -Djb.restart.code=88
19-Mar-2013 07:19:05 main uk.co.mdjcox.plugin.Recorder stop INFO: Checking 1805 /bin/dbus-daemon --config-file=/etc/at-spi2/accessibility.conf --nofork --print-address
19-Mar-2013 07:19:05 main uk.co.mdjcox.plugin.Recorder stop INFO: Checking 1571 /usr/bin/timidity -Os
19-Mar-2013 07:19:05 main uk.co.mdjcox.plugin.Recorder stop INFO: Checking 2021 /usr/lib/fingerprint-gui/fingerprint-polkit-agent
19-Mar-2013 07:19:05 main uk.co.mdjcox.plugin.Recorder stop INFO: Checking 1718 gnome-session --session
19-Mar-2013 07:19:05 main uk.co.mdjcox.plugin.Recorder stop INFO: Checking 1978 /usr/lib/gvfs//gvfsd-fuse -f
19-Mar-2013 07:19:05 main uk.co.mdjcox.plugin.Recorder stop INFO: Checking 2115 /usr/lib/gvfs/gvfsd-burn --spawner :1.7
19-Mar-2013 07:19:05 main uk.co.mdjcox.plugin.Recorder stop INFO: Checking 12715 rtmpdump --port 1935 --protocol 0 --playpath mp4:iplayerstream/secure_auth/800kbps/MP/b01rgpj4_1363352452.mp4 --host bbcmedia.fcod.llnwd.net --swfVfy http://www.bbc.co.uk/emp/revisions/18269_21576_10player.swf?revision=18269_21576 --tcUrl rtmp://bbcmedia.fcod.llnwd.net:1935/a1414/e3?as=adobe-hmac-sha256&av=1&te=connect&mp=iplayerstream/secure_auth/800kbps/MP/b01rgpj4_1363352452.mp4&et=1363684712&fmta-token=2cad7fed30a8f522ca4dd02575e4225f6e60fa27b708f5091bf28eb4a6e063fc --app a1414/e3?as=adobe-hmac-sha256&av=1&te=connect&mp=iplayerstream/secure_auth/800kbps/MP/b01rgpj4_1363352452.mp4&et=1363684712&fmta-token=2cad7fed30a8f522ca4dd02575e4225f6e60fa27b708f5091bf28eb4a6e063fc --pageUrl http://www.bbc.co.uk/iplayer/episode/b01rgpj6/The_A_to_Z_of_TV_Gardening_Letter_K/ --resume -o /home/michael/Documents/CatchUp/recordings/The_A_to_Z_of_TV_Gardening_-_11._Letter_K_b01rgpj6_default.partial.mp4.flv --timeout
19-Mar-2013 07:19:05 main uk.co.mdjcox.utils.OsUtils captureStreams INFO: Setting up streams for kill
19-Mar-2013 07:19:05 Thread-2 uk.co.mdjcox.utils.OsUtils$StreamConsumer run INFO: record.out: INFO: Command exit code 2 (raw code = 9)
19-Mar-2013 07:19:05 Thread-2 uk.co.mdjcox.utils.OsUtils$StreamConsumer run INFO: record.out: WARNING: Retry recording for 'The A to Z of TV Gardening - 11. Letter K (b01rgpj6)'
19-Mar-2013 07:19:05 Thread-7 uk.co.mdjcox.utils.OsUtils$StreamConsumer run INFO: Stream consumer kill.err terminating 
19-Mar-2013 07:19:05 Thread-8 uk.co.mdjcox.utils.OsUtils$StreamConsumer run INFO: Stream consumer kill.out terminating 
19-Mar-2013 07:19:05 main uk.co.mdjcox.plugin.Recorder stop INFO: Checking 1808 /usr/lib/at-spi2-core/at-spi2-registryd
19-Mar-2013 07:19:05 main uk.co.mdjcox.plugin.Recorder stop INFO: Checking 997 dbus-daemon --system
19-Mar-2013 07:19:05 main uk.co.mdjcox.plugin.Recorder stop INFO: Checking 983 rsyslogd
19-Mar-2013 07:19:05 main uk.co.mdjcox.plugin.Recorder stop INFO: Checking 1031 avahi-daemon: running
19-Mar-2013 07:19:05 main uk.co.mdjcox.plugin.Recorder stop INFO: Checking 789 upstart-socket-bridge
19-Mar-2013 07:19:05 main uk.co.mdjcox.plugin.Recorder stop INFO: Checking 3615 /bin/sh
19-Mar-2013 07:19:05 main uk.co.mdjcox.plugin.Recorder stop INFO: Checking 2004 /usr/bin/pulseaudio --start
19-Mar-2013 07:19:05 main uk.co.mdjcox.plugin.Recorder stop INFO: Checking 1799 //bin/dbus-daemon --fork --print-pid 5 --print-address 9
19-Mar-2013 07:19:05 main uk.co.mdjcox.plugin.Recorder stop INFO: Checking 2034 sh -c
19-Mar-2013 07:19:05 main uk.co.mdjcox.plugin.Recorder stop INFO: Checking 1798 /usr/bin/dbus-launch --exit-with-session
19-Mar-2013 07:19:05 main uk.co.mdjcox.plugin.Recorder stop INFO: Checking 2097 /usr/lib/gvfs/gvfsd-trash --spawner :1.7
19-Mar-2013 07:19:05 main uk.co.mdjcox.plugin.Recorder stop INFO: Checking 3488 nmbd
19-Mar-2013 07:19:05 main uk.co.mdjcox.plugin.Recorder stop INFO: Checking 1019 smbd
19-Mar-2013 07:19:05 main uk.co.mdjcox.plugin.Recorder stop INFO: Checking 1055 /usr/sbin/cupsd
19-Mar-2013 07:19:05 main uk.co.mdjcox.plugin.Recorder stop INFO: Checking 3506 /usr/sbin/winbindd
19-Mar-2013 07:19:05 main uk.co.mdjcox.plugin.Recorder stop INFO: Checking 12690 /usr/bin/perl /usr/bin/get_iplayer http://www.bbc.co.uk/iplayer/episode/b01rgpj6/The_A_to_Z_of_TV_Gardening_Letter_K/ -o
19-Mar-2013 07:19:05 main uk.co.mdjcox.utils.OsUtils captureStreams INFO: Setting up streams for kill
19-Mar-2013 07:19:05 Thread-2 uk.co.mdjcox.utils.OsUtils$StreamConsumer run INFO: Stream consumer record.out terminating 
19-Mar-2013 07:19:05 Thread-1 uk.co.mdjcox.utils.OsUtils$StreamConsumer run INFO: record.err: 4573.994 kB / 46.76 sec (1.7%)
19-Mar-2013 07:19:05 Thread-10 uk.co.mdjcox.utils.OsUtils$StreamConsumer run INFO: Stream consumer kill.err terminating 
19-Mar-2013 07:19:05 Thread-1 uk.co.mdjcox.utils.OsUtils$StreamConsumer run INFO: Stream consumer record.err terminating 
19-Mar-2013 07:19:05 Thread-11 uk.co.mdjcox.utils.OsUtils$StreamConsumer run INFO: Stream consumer kill.out terminating 
19-Mar-2013 07:19:05 main uk.co.mdjcox.plugin.Recorder stop INFO: Checking 2015 syndaemon -i 2.0 -K -R
19-Mar-2013 07:19:05 main uk.co.mdjcox.plugin.Recorder stop INFO: Checking 1575 /sbin/getty -8 38400
19-Mar-2013 07:19:05 main uk.co.mdjcox.plugin.Recorder stop INFO: Checking 408 upstart-udev-bridge
19-Mar-2013 07:19:05 main uk.co.mdjcox.plugin.Recorder stop INFO: Checking 4265 java -Djava.awt.headless=true -DUSERKEY=STEAP1TDVFTPVNNSRWST1TNYPCFS1QWJ -Xmx384m -XX:+UseAdaptiveSizePolicy -XX:MaxGCPauseMillis=25 -XX:GCTimeRatio=24 -XX:ThreadPriorityPolicy=1 -cp Sage.jar:.:/:JARs/commons-jxpath-1.1.jar:JARs/jcifs-1.1.6.jar:JARs/sbbi-upnplib-1.0.3.jar:JARs/vecmath.jar SecuredLoader 0 0 x sagetv
19-Mar-2013 07:19:05 main uk.co.mdjcox.plugin.Recorder stop INFO: Checking 2049 /usr/lib/udisks2/udisksd
19-Mar-2013 07:19:05 main uk.co.mdjcox.plugin.Recorder stop INFO: Checking 3618 java -cp MiniClient.jar:jogl.jar:gluegen-rt.jar:.
